SF:lib\d2_remote.dart
DA:28,56
DA:31,0
DA:33,56
DA:38,168
DA:39,112
DA:40,112
DA:41,112
DA:42,112
DA:43,112
DA:44,112
DA:45,112
DA:46,112
DA:47,112
DA:48,112
DA:49,112
DA:53,2
DA:57,2
DA:58,4
DA:65,4
DA:70,8
DA:72,2
DA:75,2
DA:77,2
DA:79,2
DA:80,2
DA:83,4
DA:85,4
DA:87,4
DA:88,4
DA:91,2
DA:98,2
DA:99,4
DA:106,4
DA:110,4
DA:115,2
DA:116,2
DA:117,2
DA:119,4
DA:124,4
DA:127,2
DA:129,2
DA:131,2
DA:132,2
DA:133,2
DA:134,2
DA:135,2
DA:136,2
DA:137,2
DA:139,2
DA:140,6
DA:142,10
DA:147,2
DA:148,2
DA:151,8
DA:153,2
DA:154,2
DA:156,10
DA:163,2
DA:171,2
DA:172,2
DA:173,2
DA:174,4
DA:179,4
DA:182,2
DA:184,2
DA:186,2
DA:188,8
DA:190,4
DA:192,0
DA:194,0
DA:197,0
DA:198,0
DA:199,0
DA:200,0
DA:201,0
DA:202,0
DA:203,0
DA:204,0
DA:205,0
DA:207,0
DA:208,0
DA:210,0
DA:215,0
DA:217,0
DA:219,0
DA:224,6
DA:226,8
DA:227,4
DA:229,6
DA:231,6
DA:233,18
DA:235,6
DA:237,16
DA:238,8
DA:240,24
DA:242,0
DA:244,0
DA:246,12
LF:98
LH:78
end_of_record
SF:lib\modules\auth\user\entities\user.entity.dart
DA:67,46
DA:95,46
DA:102,36
DA:103,36
DA:104,36
DA:105,36
DA:106,36
DA:107,36
DA:108,36
DA:109,36
DA:110,36
DA:111,36
DA:112,36
DA:113,36
DA:114,36
DA:115,36
DA:116,36
DA:117,36
DA:118,36
DA:120,72
DA:121,36
DA:122,72
DA:123,40
DA:124,2
DA:125,2
DA:126,2
DA:127,2
DA:128,2
DA:129,36
DA:130,72
DA:131,40
DA:132,2
DA:133,2
DA:134,2
DA:135,2
DA:136,36
DA:137,36
DA:138,72
DA:139,72
DA:140,36
DA:141,36
DA:144,46
DA:145,46
DA:146,46
DA:147,46
DA:148,46
DA:149,46
DA:150,46
DA:151,46
DA:152,46
DA:153,46
DA:154,46
DA:155,46
DA:156,46
DA:157,46
DA:158,46
DA:159,46
DA:160,46
DA:162,92
DA:163,46
DA:164,138
DA:165,138
DA:166,138
DA:167,46
DA:168,46
DA:170,46
DA:171,46
DA:172,46
DA:173,138
DA:174,92
DA:175,92
DA:177,46
DA:178,46
DA:179,46
DA:180,92
DA:181,138
DA:182,138
DA:183,46
DA:184,46
DA:185,46
DA:186,46
DA:187,46
DA:188,46
DA:189,92
DA:191,46
DA:192,0
DA:194,46
DA:195,46
DA:198,46
DA:199,46
DA:201,92
DA:202,92
DA:203,92
DA:204,92
DA:205,92
DA:206,92
DA:207,92
DA:208,92
DA:209,92
DA:210,92
DA:211,92
DA:212,92
DA:213,92
DA:214,92
DA:215,92
DA:216,92
DA:217,92
DA:218,92
DA:219,92
DA:220,92
DA:221,92
DA:222,92
DA:223,92
DA:224,92
LF:114
LH:113
end_of_record
SF:lib\modules\auth\user\queries\user.query.dart
DA:12,112
DA:14,0
DA:15,0
DA:16,0
DA:17,0
DA:18,0
DA:21,0
DA:22,0
DA:24,0
DA:26,0
DA:27,0
DA:29,0
DA:30,0
DA:33,0
DA:39,2
DA:40,2
DA:41,6
DA:42,10
DA:45,2
DA:46,4
DA:48,4
DA:50,2
DA:51,2
DA:52,2
DA:53,2
DA:55,4
DA:61,2
DA:62,2
DA:63,6
DA:64,10
DA:67,2
DA:68,4
DA:70,4
DA:72,2
DA:73,2
DA:74,2
DA:75,2
DA:77,4
LF:38
LH:25
end_of_record
SF:lib\modules\data\aggregate\entities\data_value_set.entity.dart
DA:41,8
DA:56,8
DA:62,40
DA:63,22
DA:66,6
DA:68,22
DA:71,12
DA:73,6
DA:75,6
DA:77,6
DA:78,6
DA:79,6
DA:80,6
DA:81,6
DA:82,6
DA:83,6
DA:85,6
DA:86,6
DA:87,6
DA:88,6
DA:89,6
DA:91,12
DA:92,14
DA:93,20
DA:94,6
DA:97,8
DA:98,8
DA:99,16
DA:100,16
DA:101,16
DA:102,16
DA:103,16
DA:104,16
DA:105,16
DA:106,16
DA:107,16
DA:108,16
DA:109,16
DA:110,16
DA:111,16
DA:112,16
DA:117,2
DA:118,4
DA:119,2
DA:120,2
DA:121,2
DA:122,2
DA:123,2
DA:124,2
DA:125,6
DA:126,2
LF:51
LH:51
end_of_record
SF:lib\modules\data\aggregate\queries\data_value_set.query.dart
DA:20,112
DA:21,56
DA:24,4
DA:25,4
DA:27,12
DA:28,20
DA:32,4
DA:33,8
DA:35,8
DA:37,4
DA:38,4
DA:39,4
DA:40,4
DA:43,8
DA:49,6
DA:50,6
DA:51,6
DA:54,6
DA:55,6
DA:56,6
DA:59,6
DA:60,6
DA:61,6
DA:65,4
DA:66,4
DA:67,4
DA:68,4
DA:70,4
DA:73,4
DA:75,8
DA:80,2
DA:82,2
DA:83,8
DA:87,2
DA:89,2
DA:90,2
DA:91,2
DA:93,6
DA:98,4
DA:99,4
DA:100,2
DA:102,2
DA:105,2
DA:106,2
DA:107,2
DA:109,12
DA:114,2
DA:115,2
DA:116,4
DA:118,2
DA:119,2
DA:120,2
DA:122,12
DA:127,4
DA:129,2
DA:130,2
DA:131,2
DA:133,12
DA:138,4
DA:141,2
DA:143,2
DA:144,2
DA:145,2
DA:146,2
DA:147,2
DA:149,2
DA:151,2
DA:154,4
DA:155,4
DA:156,2
DA:157,2
DA:158,4
DA:161,2
DA:162,0
DA:164,4
DA:167,8
DA:170,2
DA:171,2
DA:174,4
DA:175,2
DA:176,2
DA:180,2
DA:181,4
DA:182,2
DA:183,2
DA:184,2
DA:185,10
DA:186,4
DA:188,2
DA:189,2
DA:190,4
DA:193,0
DA:194,0
DA:195,0
LF:94
LH:90
end_of_record
SF:lib\core\annotations\column.annotation.dart
DA:8,60
DA:10,60
DA:20,56
DA:44,2220
DA:58,60
DA:59,120
DA:62,60
DA:63,60
DA:64,60
DA:65,60
DA:66,60
DA:67,60
DA:70,60
DA:72,60
DA:74,60
DA:76,60
DA:83,60
DA:85,60
DA:87,60
DA:89,60
DA:96,60
DA:98,120
DA:100,116
DA:102,60
DA:103,60
DA:104,60
DA:105,120
DA:106,120
DA:108,60
DA:109,60
DA:110,60
DA:111,60
DA:112,60
DA:113,56
DA:116,56
DA:118,56
DA:120,56
DA:123,56
DA:125,56
DA:126,112
DA:130,56
DA:131,112
DA:134,56
DA:137,56
DA:141,56
DA:145,56
DA:146,112
DA:148,56
DA:149,112
DA:152,0
DA:160,120
LF:51
LH:50
end_of_record
SF:lib\core\annotations\entity.annotation.dart
DA:11,0
DA:25,2400
DA:31,60
DA:32,180
DA:33,120
DA:36,60
DA:37,60
DA:39,60
DA:41,60
DA:44,60
DA:46,60
DA:49,300
DA:50,240
DA:52,60
DA:55,60
DA:57,60
DA:61,240
DA:62,180
DA:64,60
DA:67,60
DA:69,60
DA:73,180
DA:74,120
DA:75,60
DA:78,60
DA:80,60
LF:26
LH:25
end_of_record
SF:lib\core\annotations\reflectable.annotation.dart
DA:4,120
DA:5,0
LF:2
LH:1
end_of_record
SF:lib\core\annotations\relation.annotation.dart
DA:5,0
DA:13,1556
DA:23,1016
LF:3
LH:2
end_of_record
SF:lib\modules\auth\user\entities\user_authority.entity.dart
DA:15,46
DA:21,46
DA:23,0
DA:24,0
DA:25,0
DA:26,0
DA:27,0
DA:28,0
DA:29,0
DA:32,46
DA:33,46
DA:34,92
DA:35,92
DA:36,92
DA:37,92
DA:38,92
LF:16
LH:9
end_of_record
SF:lib\modules\auth\user\entities\user_organisation_unit.entity.dart
DA:19,46
DA:26,46
DA:28,8
DA:29,8
DA:30,8
DA:31,8
DA:32,8
DA:33,8
DA:34,8
DA:35,8
DA:38,46
DA:39,46
DA:40,92
DA:41,92
DA:42,92
DA:43,92
DA:44,92
DA:45,92
LF:18
LH:18
end_of_record
SF:lib\modules\auth\user\entities\user_role.entity.dart
DA:12,46
DA:17,46
DA:19,0
DA:20,0
DA:21,0
DA:22,0
DA:23,0
DA:24,0
DA:27,46
DA:28,46
DA:29,92
DA:30,92
DA:31,92
DA:32,92
LF:14
LH:8
end_of_record
SF:lib\modules\data\aggregate\entities\data_value.entity.dart
DA:35,6
DA:48,6
DA:54,12
DA:55,0
DA:56,14
DA:59,6
DA:60,6
DA:61,16
DA:62,6
DA:64,6
DA:65,6
DA:66,6
DA:67,6
DA:68,6
DA:69,6
DA:70,6
DA:71,6
DA:72,6
DA:73,6
DA:74,6
DA:77,6
DA:78,6
DA:79,12
DA:80,12
DA:81,12
DA:82,12
DA:83,12
DA:84,12
DA:85,12
DA:86,12
DA:87,12
DA:88,12
DA:89,12
DA:90,12
DA:95,2
DA:96,4
DA:97,2
DA:98,2
DA:99,2
DA:100,2
LF:40
LH:39
end_of_record
SF:lib\modules\data\tracker\entities\attribute_reserved_value.entity.dart
DA:16,8
DA:24,8
DA:26,8
DA:27,16
DA:28,8
DA:29,16
DA:30,8
DA:35,8
DA:36,8
DA:37,8
DA:40,8
DA:41,8
DA:42,16
DA:43,16
DA:44,16
DA:45,16
DA:46,16
DA:47,16
DA:48,16
LF:19
LH:19
end_of_record
SF:lib\modules\data\tracker\entities\enrollment.entity.dart
DA:63,12
DA:85,12
DA:91,30
DA:92,30
DA:93,30
DA:94,30
DA:97,10
DA:98,10
DA:99,0
DA:102,10
DA:103,24
DA:104,8
DA:105,6
DA:108,10
DA:109,10
DA:110,10
DA:111,10
DA:112,10
DA:113,10
DA:114,10
DA:115,10
DA:116,10
DA:117,10
DA:118,10
DA:119,10
DA:120,10
DA:121,10
DA:122,10
DA:123,10
DA:126,10
DA:127,28
DA:128,28
DA:129,6
DA:130,12
DA:131,12
DA:133,10
DA:134,10
DA:135,10
DA:138,12
DA:139,12
DA:140,24
DA:141,24
DA:142,24
DA:143,24
DA:144,24
DA:145,24
DA:146,24
DA:147,24
DA:148,24
DA:149,24
DA:150,24
DA:151,24
DA:152,24
DA:153,24
DA:154,0
DA:155,0
DA:158,12
DA:159,30
DA:160,24
DA:161,30
DA:162,24
DA:163,24
DA:164,24
DA:165,24
DA:170,2
DA:172,10
DA:173,2
DA:174,2
DA:175,2
DA:177,6
DA:178,2
DA:179,2
DA:180,2
DA:181,2
DA:182,2
DA:183,2
DA:184,8
LF:77
LH:74
end_of_record
SF:lib\modules\data\tracker\entities\event.entity.dart
DA:80,12
DA:108,12
DA:114,26
DA:115,26
DA:118,12
DA:119,12
DA:120,0
DA:122,12
DA:123,12
DA:124,12
DA:125,12
DA:126,12
DA:127,12
DA:128,12
DA:129,12
DA:130,12
DA:131,12
DA:132,12
DA:133,12
DA:134,12
DA:136,12
DA:137,12
DA:138,12
DA:139,12
DA:140,12
DA:141,12
DA:142,24
DA:143,12
DA:144,12
DA:145,12
DA:146,32
DA:147,42
DA:148,10
DA:149,40
DA:150,20
DA:151,20
DA:153,12
DA:154,12
DA:157,12
DA:158,12
DA:159,24
DA:160,24
DA:161,24
DA:162,24
DA:163,24
DA:164,24
DA:165,24
DA:166,24
DA:167,24
DA:168,24
DA:169,24
DA:170,24
DA:171,24
DA:172,0
DA:173,0
DA:176,24
DA:177,24
DA:178,24
DA:179,24
DA:180,24
DA:181,24
DA:182,24
DA:183,24
DA:184,24
DA:185,24
DA:186,24
DA:187,24
DA:191,4
DA:192,4
DA:193,4
DA:194,4
DA:195,4
DA:196,4
DA:197,4
DA:198,4
DA:199,4
DA:200,4
DA:201,4
DA:202,4
DA:203,4
DA:204,12
DA:205,4
DA:208,4
DA:209,12
DA:210,6
DA:211,6
LF:86
LH:83
end_of_record
SF:lib\modules\data\tracker\entities\event_data_value.entity.dart
DA:27,10
DA:39,10
DA:45,20
DA:46,20
DA:49,10
DA:50,10
DA:51,10
DA:52,10
DA:53,10
DA:54,10
DA:55,10
DA:56,10
DA:57,10
DA:58,10
DA:61,10
DA:62,10
DA:63,20
DA:64,20
DA:65,20
DA:66,20
DA:67,20
DA:68,20
DA:69,20
DA:70,20
DA:74,4
DA:75,4
DA:76,4
DA:77,4
LF:28
LH:28
end_of_record
SF:lib\modules\data\tracker\entities\tracked-entity.entity.dart
DA:52,12
DA:70,12
DA:76,30
DA:79,0
DA:80,0
DA:81,0
DA:84,12
DA:85,12
DA:87,12
DA:88,0
DA:89,0
DA:92,12
DA:93,18
DA:94,12
DA:95,12
DA:96,12
DA:97,12
DA:98,12
DA:99,12
DA:100,12
DA:101,12
DA:102,12
DA:103,12
DA:105,12
DA:106,12
DA:107,12
DA:108,20
DA:109,40
DA:110,10
DA:111,26
DA:112,20
DA:114,10
DA:116,16
DA:117,42
DA:118,10
DA:119,20
DA:120,18
DA:121,20
DA:122,20
DA:124,12
DA:125,12
DA:128,12
DA:129,12
DA:130,24
DA:131,30
DA:132,24
DA:133,24
DA:134,24
DA:135,24
DA:136,24
DA:137,24
DA:138,24
DA:139,0
DA:140,0
DA:141,0
DA:143,24
DA:144,24
DA:145,24
DA:146,24
DA:147,24
DA:148,24
DA:149,24
DA:150,24
DA:154,2
DA:156,2
DA:157,2
DA:158,2
DA:159,2
DA:160,2
DA:161,6
DA:162,2
DA:163,2
DA:164,6
DA:165,2
LF:74
LH:66
end_of_record
SF:lib\modules\data\tracker\entities\tracked_entity_attribute_value.entity.dart
DA:20,12
DA:30,12
DA:36,48
DA:37,24
DA:40,10
DA:41,10
DA:42,10
DA:43,10
DA:44,10
DA:45,10
DA:46,10
DA:47,10
DA:48,10
DA:49,10
DA:52,12
DA:53,12
DA:54,24
DA:55,24
DA:56,24
DA:57,24
DA:58,24
DA:59,24
DA:60,24
DA:61,24
DA:65,2
DA:66,6
LF:26
LH:26
end_of_record
SF:lib\modules\data\tracker\models\enrollment_import_summary.dart
DA:9,0
DA:16,0
DA:23,0
DA:24,0
DA:26,0
DA:27,0
DA:28,0
DA:29,0
DA:30,0
DA:31,0
DA:32,0
DA:33,0
DA:34,0
DA:35,0
DA:36,0
LF:15
LH:0
end_of_record
SF:lib\modules\data\tracker\models\event_import_summary.dart
DA:7,0
DA:13,0
DA:20,0
DA:21,0
DA:23,0
DA:24,0
DA:25,0
DA:26,0
DA:27,0
DA:28,0
DA:29,0
LF:11
LH:0
end_of_record
SF:lib\modules\data\tracker\models\geometry.dart
DA:7,6
DA:10,6
DA:11,6
DA:12,18
DA:13,12
DA:15,18
DA:16,12
DA:18,6
DA:22,2
DA:23,2
DA:24,4
DA:25,8
LF:12
LH:12
end_of_record
SF:lib\modules\data\tracker\models\tracked_entity_instance_import_summary.model.dart
DA:9,0
DA:16,0
DA:23,0
DA:25,0
DA:27,0
DA:28,0
DA:29,0
DA:30,0
DA:31,0
DA:32,0
DA:33,0
DA:34,0
DA:35,0
DA:36,0
DA:37,0
DA:38,0
LF:16
LH:0
end_of_record
SF:lib\modules\file_resource\entities\file_resource.entity.dart
DA:44,4
DA:62,4
DA:68,8
DA:69,8
DA:72,4
DA:74,8
DA:75,4
DA:76,4
DA:77,4
DA:78,4
DA:79,4
DA:80,4
DA:81,4
DA:82,4
DA:83,4
DA:84,4
DA:85,4
DA:86,4
DA:87,4
DA:89,4
DA:90,4
DA:91,4
DA:92,4
DA:95,4
DA:96,4
DA:97,8
DA:98,8
DA:99,8
DA:100,8
DA:101,8
DA:102,8
DA:103,8
DA:104,8
DA:105,8
DA:106,8
DA:107,8
DA:108,8
DA:109,8
DA:110,8
DA:111,8
DA:112,8
DA:113,8
LF:42
LH:42
end_of_record
SF:lib\modules\metadata\dashboard\entities\dashboard.entity.dart
DA:13,2
DA:22,2
DA:30,2
DA:31,2
DA:32,2
DA:33,2
DA:34,2
DA:35,2
DA:36,2
DA:39,2
DA:40,2
DA:41,4
DA:42,4
DA:43,4
DA:44,4
DA:45,4
DA:46,4
LF:17
LH:17
end_of_record
SF:lib\modules\metadata\dashboard\entities\dashboard_item.entity.dart
DA:29,0
DA:42,0
DA:44,0
DA:45,0
DA:46,0
DA:47,0
DA:48,0
DA:49,0
DA:50,0
DA:51,0
DA:52,0
DA:53,0
DA:54,0
DA:55,0
DA:56,0
DA:59,0
DA:60,0
DA:61,0
DA:62,0
DA:63,0
DA:64,0
DA:65,0
DA:66,0
DA:67,0
DA:68,0
DA:69,0
DA:70,0
DA:71,0
LF:28
LH:0
end_of_record
SF:lib\modules\metadata\data_element\entities\data_element.entity.dart
DA:19,4
DA:32,4
DA:42,4
DA:43,4
DA:44,4
DA:45,4
DA:46,4
DA:47,4
DA:48,4
DA:49,4
DA:50,4
DA:51,4
DA:52,4
DA:53,4
DA:56,4
DA:57,4
DA:58,8
DA:59,8
DA:60,8
DA:61,8
DA:62,8
DA:63,8
DA:64,8
DA:65,8
DA:66,8
DA:67,8
DA:68,8
LF:27
LH:27
end_of_record
SF:lib\modules\metadata\dataset\entities\data_set.entity.dart
DA:39,6
DA:58,6
DA:68,6
DA:69,6
DA:70,6
DA:71,6
DA:72,6
DA:73,6
DA:74,6
DA:75,6
DA:76,6
DA:77,6
DA:78,6
DA:79,6
DA:80,6
DA:81,6
DA:82,6
DA:83,18
DA:84,12
DA:85,2
DA:86,4
DA:87,4
DA:88,8
DA:89,4
DA:90,4
DA:91,4
DA:92,2
DA:94,6
DA:97,6
DA:98,6
DA:99,12
DA:100,12
DA:101,12
DA:102,12
DA:103,12
DA:104,12
DA:105,12
DA:106,12
DA:107,12
DA:108,12
DA:109,12
DA:110,12
DA:111,12
DA:112,12
DA:113,12
LF:45
LH:45
end_of_record
SF:lib\modules\metadata\dataset\entities\data_set_element.entity.dart
DA:18,2
DA:25,2
DA:27,2
DA:28,2
DA:29,2
DA:30,2
DA:31,2
DA:32,2
DA:33,2
DA:34,2
DA:35,8
DA:36,8
DA:37,2
DA:38,8
DA:39,4
DA:40,2
DA:42,2
DA:46,2
DA:47,2
DA:48,4
DA:49,4
DA:50,4
DA:51,4
DA:52,4
DA:53,4
LF:25
LH:25
end_of_record
SF:lib\modules\metadata\dataset\entities\data_set_element_option.entity.dart
DA:12,2
DA:18,2
DA:20,2
DA:21,2
DA:22,2
DA:23,2
DA:24,2
DA:25,2
DA:26,2
DA:29,2
DA:30,2
DA:31,4
DA:32,4
DA:33,4
DA:34,4
DA:35,4
LF:16
LH:16
end_of_record
SF:lib\modules\metadata\dataset\entities\validation_rule.entity.dart
DA:41,2
DA:58,2
DA:66,2
DA:69,4
DA:70,4
DA:72,2
DA:73,8
DA:74,2
DA:75,2
DA:76,2
DA:77,2
DA:78,2
DA:79,2
DA:80,2
DA:81,2
DA:82,2
DA:83,2
DA:84,2
DA:87,2
DA:88,2
DA:91,2
DA:92,2
DA:94,4
DA:95,4
DA:96,4
DA:97,4
DA:98,4
DA:99,4
DA:100,4
DA:101,4
DA:102,4
DA:103,4
DA:104,4
DA:105,4
DA:106,4
DA:107,4
DA:108,4
LF:37
LH:37
end_of_record
SF:lib\modules\metadata\option_set\entities\option_set.entity.dart
DA:11,0
DA:12,0
DA:14,0
DA:15,0
DA:16,0
DA:19,0
DA:20,0
DA:21,0
DA:22,0
DA:23,0
LF:10
LH:0
end_of_record
SF:lib\modules\metadata\organisation_unit\entities\organisation_unit.entity.dart
DA:27,8
DA:42,8
DA:52,8
DA:53,8
DA:54,8
DA:55,8
DA:56,8
DA:57,8
DA:58,8
DA:59,8
DA:60,8
DA:61,8
DA:62,8
DA:63,8
DA:64,8
DA:65,8
DA:66,10
DA:68,4
DA:70,2
DA:74,8
DA:75,8
DA:76,16
DA:77,16
DA:78,16
DA:79,16
DA:80,16
DA:81,16
DA:82,16
DA:83,16
DA:84,16
DA:85,16
DA:86,16
DA:87,16
DA:88,16
DA:89,8
DA:90,8
LF:36
LH:36
end_of_record
SF:lib\modules\metadata\program\entities\attribute_option.entity.dart
DA:15,10
DA:22,10
DA:24,10
DA:25,10
DA:26,10
DA:27,10
DA:28,10
DA:30,10
DA:31,10
DA:32,10
DA:35,10
DA:36,10
DA:37,20
DA:38,20
DA:39,20
DA:40,20
DA:41,20
DA:42,20
LF:18
LH:18
end_of_record
SF:lib\modules\metadata\program\entities\program.entity.dart
DA:88,12
DA:119,12
DA:129,12
DA:130,12
DA:131,24
DA:132,10
DA:133,20
DA:136,12
DA:137,12
DA:138,12
DA:139,12
DA:140,12
DA:141,12
DA:142,12
DA:143,12
DA:144,12
DA:145,12
DA:146,12
DA:147,12
DA:148,12
DA:149,12
DA:150,12
DA:151,12
DA:152,12
DA:153,12
DA:154,24
DA:155,36
DA:156,32
DA:157,50
DA:158,12
DA:159,12
DA:160,12
DA:161,12
DA:162,12
DA:165,12
DA:166,12
DA:167,36
DA:168,16
DA:169,10
DA:170,12
DA:171,36
DA:172,32
DA:173,50
DA:174,12
DA:176,36
DA:177,22
DA:178,10
DA:179,50
DA:180,12
DA:183,12
DA:184,12
DA:185,24
DA:186,24
DA:187,24
DA:188,24
DA:189,24
DA:190,24
DA:191,24
DA:192,24
DA:193,24
DA:194,24
DA:195,24
DA:196,24
DA:197,24
DA:198,24
DA:199,24
DA:200,24
DA:201,24
DA:202,24
DA:203,24
DA:204,24
DA:205,24
DA:206,12
DA:207,12
DA:208,24
DA:209,24
DA:210,24
DA:211,24
DA:212,24
DA:213,24
DA:214,12
DA:215,12
DA:216,24
LF:83
LH:83
end_of_record
SF:lib\modules\metadata\program\entities\program_rule.entity.dart
DA:21,4
DA:29,4
DA:31,4
DA:32,4
DA:33,4
DA:34,4
DA:35,4
DA:36,4
DA:37,4
DA:38,8
DA:39,16
DA:40,4
DA:41,8
DA:42,4
DA:44,4
DA:45,4
DA:48,4
DA:49,4
DA:50,8
DA:51,8
DA:52,8
DA:53,8
DA:54,8
DA:55,8
DA:56,8
LF:25
LH:25
end_of_record
SF:lib\modules\metadata\program\entities\program_rule_action.entity.dart
DA:35,4
DA:48,4
DA:50,4
DA:51,4
DA:52,4
DA:53,8
DA:54,4
DA:55,4
DA:56,4
DA:57,4
DA:58,4
DA:59,4
DA:60,8
DA:61,4
DA:62,8
DA:64,4
DA:65,8
DA:66,4
DA:67,8
DA:69,4
DA:70,4
DA:71,4
DA:74,4
DA:75,4
DA:76,8
DA:77,8
DA:78,8
DA:79,8
DA:80,8
DA:81,8
DA:82,8
DA:83,8
DA:84,8
DA:85,8
DA:86,8
DA:87,8
LF:36
LH:36
end_of_record
SF:lib\modules\metadata\program\entities\program_rule_variable.entity.dart
DA:24,10
DA:34,10
DA:36,10
DA:37,10
DA:38,10
DA:39,10
DA:40,10
DA:41,10
DA:42,10
DA:43,10
DA:44,20
DA:45,4
DA:46,20
DA:48,10
DA:49,20
DA:50,4
DA:51,20
DA:53,10
DA:54,10
DA:57,10
DA:58,10
DA:59,20
DA:60,20
DA:61,20
DA:62,20
DA:63,20
DA:64,20
DA:65,20
DA:66,20
LF:29
LH:29
end_of_record
SF:lib\modules\metadata\program\entities\program_section.entity.dart
DA:27,10
DA:40,10
DA:49,10
DA:50,20
DA:51,2
DA:52,30
DA:54,10
DA:55,10
DA:56,10
DA:57,10
DA:58,10
DA:59,10
DA:60,10
DA:61,20
DA:63,10
DA:64,10
DA:65,10
DA:66,20
DA:67,10
DA:68,0
DA:69,40
DA:70,10
DA:71,20
DA:72,10
DA:74,10
DA:77,10
DA:78,10
DA:79,20
DA:80,20
DA:81,20
DA:82,20
DA:83,20
DA:84,20
DA:85,20
DA:86,20
DA:87,20
DA:88,20
DA:89,20
LF:38
LH:37
end_of_record
SF:lib\modules\metadata\program\entities\program_section_attribute.entity.dart
DA:16,10
DA:23,10
DA:25,10
DA:26,10
DA:27,30
DA:28,10
DA:29,10
DA:30,10
DA:31,10
DA:32,10
DA:35,10
DA:36,10
DA:37,20
DA:38,20
DA:39,20
DA:40,20
DA:41,20
DA:42,20
LF:18
LH:18
end_of_record
SF:lib\modules\metadata\program\entities\program_stage.entity.dart
DA:61,8
DA:87,8
DA:97,8
DA:98,8
DA:99,8
DA:100,8
DA:101,8
DA:102,8
DA:103,8
DA:104,8
DA:105,8
DA:106,8
DA:107,8
DA:108,8
DA:109,8
DA:110,8
DA:111,8
DA:112,8
DA:113,8
DA:114,8
DA:115,8
DA:116,8
DA:117,24
DA:118,8
DA:120,24
DA:121,14
DA:122,2
DA:123,4
DA:124,2
DA:126,8
DA:127,8
DA:128,14
DA:129,26
DA:130,6
DA:131,14
DA:132,12
DA:133,12
DA:134,6
DA:135,2
DA:136,12
DA:137,6
DA:139,8
DA:140,8
DA:141,8
DA:145,8
DA:146,8
DA:147,16
DA:148,16
DA:149,16
DA:150,16
DA:151,16
DA:152,16
DA:153,16
DA:154,16
DA:155,16
DA:156,16
DA:157,16
DA:158,16
DA:159,16
DA:160,16
DA:161,16
DA:162,16
DA:163,16
DA:164,16
DA:165,16
DA:166,16
DA:167,16
DA:168,16
DA:169,16
DA:170,16
DA:171,16
DA:172,16
LF:72
LH:72
end_of_record
SF:lib\modules\metadata\program\entities\program_stage_data_element.entity.dart
DA:71,6
DA:100,6
DA:110,6
DA:111,6
DA:112,6
DA:113,6
DA:114,6
DA:115,6
DA:116,6
DA:117,6
DA:118,6
DA:119,6
DA:120,6
DA:121,6
DA:122,6
DA:123,6
DA:124,6
DA:125,6
DA:126,6
DA:127,6
DA:128,6
DA:129,6
DA:130,6
DA:131,6
DA:132,6
DA:133,6
DA:134,6
DA:135,6
DA:136,6
DA:137,6
DA:138,24
DA:139,24
DA:140,6
DA:141,24
DA:142,12
DA:143,6
DA:145,6
DA:146,6
DA:149,6
DA:150,6
DA:151,12
DA:152,12
DA:153,12
DA:154,12
DA:155,12
DA:156,12
DA:157,12
DA:158,12
DA:159,12
DA:160,12
DA:161,12
DA:162,12
DA:163,12
DA:164,12
DA:165,12
DA:166,12
DA:167,12
DA:168,12
DA:169,12
DA:170,12
DA:171,12
DA:172,12
DA:173,12
DA:174,12
DA:175,12
DA:176,12
LF:66
LH:66
end_of_record
SF:lib\modules\metadata\program\entities\program_stage_data_element_option.entity.dart
DA:14,6
DA:20,6
DA:22,6
DA:24,6
DA:25,6
DA:26,6
DA:27,6
DA:28,6
DA:29,6
DA:32,6
DA:33,6
DA:34,12
DA:35,12
DA:36,12
DA:37,12
DA:38,12
LF:16
LH:16
end_of_record
SF:lib\modules\metadata\program\entities\program_stage_section.entity.dart
DA:28,2
DA:41,2
DA:49,2
DA:50,4
DA:51,2
DA:52,6
DA:54,2
DA:55,2
DA:56,2
DA:57,2
DA:58,2
DA:59,2
DA:60,4
DA:62,2
DA:63,2
DA:64,2
DA:65,2
DA:66,4
DA:67,8
DA:68,2
DA:69,4
DA:70,2
DA:72,2
DA:75,2
DA:76,2
DA:78,4
DA:79,4
DA:80,4
DA:81,4
DA:82,4
DA:83,4
DA:84,4
DA:85,4
DA:86,4
DA:87,4
DA:88,4
DA:89,4
LF:37
LH:37
end_of_record
SF:lib\modules\metadata\program\entities\program_stage_section_data_element.entity.dart
DA:16,2
DA:23,2
DA:25,2
DA:27,2
DA:28,6
DA:29,2
DA:30,2
DA:31,2
DA:32,2
DA:33,2
DA:36,2
DA:37,2
DA:38,4
DA:39,4
DA:40,4
DA:41,4
DA:42,4
DA:43,4
LF:18
LH:18
end_of_record
SF:lib\modules\metadata\program\entities\program_tracked_entity_attribute.entity.dart
DA:53,10
DA:72,10
DA:74,10
DA:77,40
DA:79,30
DA:80,10
DA:81,10
DA:83,10
DA:84,30
DA:85,20
DA:86,10
DA:87,20
DA:88,10
DA:89,10
DA:90,10
DA:91,10
DA:92,10
DA:93,10
DA:94,20
DA:95,10
DA:96,20
DA:97,10
DA:98,20
DA:99,10
DA:100,20
DA:102,10
DA:103,30
DA:104,20
DA:105,30
DA:106,10
DA:107,40
DA:108,10
DA:109,40
DA:110,20
DA:111,10
DA:112,10
DA:114,10
DA:115,10
DA:118,10
DA:119,10
DA:120,20
DA:121,20
DA:122,20
DA:123,20
DA:124,20
DA:125,20
DA:126,20
DA:127,20
DA:128,20
DA:129,20
DA:130,20
DA:131,20
DA:132,20
DA:133,20
DA:134,20
DA:135,20
DA:136,20
LF:57
LH:57
end_of_record
SF:lib\modules\metadata\program\entities\tracked_entity_attribute.entity.dart
DA:9,0
DA:10,0
LF:2
LH:0
end_of_record
SF:lib\modules\notification\entities\message.entity.dart
DA:21,2
DA:31,2
DA:39,2
DA:41,4
DA:43,2
DA:44,2
DA:45,2
DA:46,2
DA:47,2
DA:48,2
DA:49,2
DA:50,2
DA:51,2
DA:52,2
DA:55,0
DA:56,0
DA:57,0
DA:58,0
DA:59,0
DA:60,0
DA:61,0
DA:62,0
DA:63,0
DA:64,0
DA:65,0
LF:25
LH:14
end_of_record
SF:lib\modules\notification\entities\message_conversation.entity.dart
DA:25,2
DA:37,2
DA:45,2
DA:46,2
DA:47,2
DA:48,2
DA:49,2
DA:50,2
DA:51,2
DA:52,2
DA:53,2
DA:54,2
DA:55,2
DA:56,2
DA:57,4
DA:58,8
DA:59,2
DA:60,2
DA:61,4
DA:63,2
DA:66,2
DA:67,2
DA:68,4
DA:69,4
DA:70,4
DA:71,4
DA:72,4
DA:73,4
DA:74,4
DA:75,4
DA:76,4
DA:77,4
LF:32
LH:32
end_of_record
SF:lib\shared\entities\base.entity.dart
DA:18,58
DA:19,128
DA:20,58
DA:21,290
DA:22,174
DA:25,0
DA:26,0
DA:29,0
DA:30,0
LF:9
LH:5
end_of_record
SF:lib\shared\entities\identifiable.entity.dart
DA:18,58
DA:27,58
LF:2
LH:2
end_of_record
SF:lib\core\utilities\query_expression.dart
DA:4,60
DA:9,60
DA:12,60
DA:14,60
DA:15,60
DA:16,60
DA:17,120
DA:18,176
DA:19,120
DA:22,60
DA:23,168
DA:24,56
DA:25,56
DA:26,168
DA:27,112
DA:29,56
DA:30,56
DA:31,56
DA:32,112
DA:33,168
DA:37,60
DA:38,120
DA:39,112
DA:42,120
DA:43,112
DA:46,60
DA:49,56
DA:53,56
DA:56,0
DA:59,0
DA:61,0
DA:64,0
DA:66,0
DA:67,0
DA:68,0
DA:69,0
LF:36
LH:28
end_of_record
SF:lib\core\database\database_manager.dart
DA:15,112
DA:16,56
DA:21,56
DA:26,112
DA:30,0
DA:33,112
DA:35,56
DA:38,56
DA:40,112
DA:42,56
DA:47,224
DA:48,112
DA:52,56
DA:53,56
DA:54,112
DA:57,0
DA:59,0
DA:61,0
DA:62,0
DA:63,0
DA:64,0
DA:65,0
DA:66,0
DA:70,0
DA:72,0
DA:75,0
DA:77,0
LF:27
LH:14
end_of_record
SF:lib\core\utilities\repository.dart
DA:73,56
DA:74,112
DA:77,46
DA:83,76
DA:85,46
DA:94,58
DA:101,44
DA:104,232
DA:105,58
DA:107,116
DA:110,150
DA:112,92
DA:113,68
DA:115,102
DA:116,34
DA:118,32
DA:119,64
DA:120,34
DA:122,68
DA:123,30
DA:124,20
DA:126,68
DA:130,34
DA:131,58
DA:137,96
DA:139,48
DA:142,176
DA:146,220
DA:148,88
DA:154,88
DA:155,88
DA:157,54
DA:158,10
DA:159,20
DA:160,30
DA:161,10
DA:162,10
DA:163,20
DA:166,44
DA:167,44
DA:170,30
DA:177,58
DA:181,52
DA:185,30
DA:186,10
DA:187,20
DA:188,8
DA:189,2
DA:190,0
DA:193,20
DA:195,20
DA:196,20
DA:198,10
DA:200,10
DA:201,20
DA:203,20
DA:204,4
DA:205,2
DA:208,10
DA:214,46
DA:219,106
DA:220,14
DA:221,14
DA:222,14
DA:227,14
DA:228,14
DA:230,0
DA:232,28
DA:234,14
DA:235,14
DA:239,14
DA:240,14
DA:241,14
DA:247,14
DA:255,0
DA:256,42
DA:260,30
DA:266,0
DA:268,120
DA:272,150
DA:275,56
DA:280,2
DA:282,60
DA:283,60
DA:285,36
DA:286,6
DA:287,12
DA:288,18
DA:289,6
DA:290,6
DA:292,12
DA:294,30
DA:295,30
DA:299,58
DA:304,0
DA:306,116
DA:308,134
DA:312,0
DA:314,0
DA:316,0
DA:317,0
DA:323,58
DA:325,174
DA:326,0
DA:328,232
DA:330,116
DA:334,50
DA:337,150
DA:338,212
DA:339,50
DA:340,46
DA:341,92
DA:342,138
DA:343,46
DA:350,50
DA:351,24
DA:355,92
DA:359,46
DA:363,46
DA:364,46
DA:365,46
DA:367,0
DA:369,92
DA:370,92
DA:372,92
DA:375,92
DA:376,92
DA:377,92
DA:379,16
DA:381,4
DA:384,8
DA:387,4
DA:388,8
DA:392,8
DA:393,2
DA:394,8
DA:396,8
DA:397,8
DA:400,8
DA:409,46
DA:410,92
DA:411,138
DA:412,46
DA:414,46
DA:418,22
DA:421,44
DA:422,88
DA:424,22
DA:425,22
DA:426,44
DA:427,66
DA:428,22
DA:435,22
DA:436,22
DA:440,44
DA:446,0
DA:448,0
DA:450,0
DA:451,0
DA:457,10
DA:458,12
DA:460,50
DA:466,0
DA:467,0
DA:469,0
DA:475,42
DA:481,40
DA:483,42
DA:487,42
DA:489,84
DA:490,126
DA:497,84
DA:503,58
DA:508,68
DA:510,174
DA:514,32
DA:515,32
DA:517,48
DA:524,14
DA:525,4
DA:526,4
DA:528,2
DA:529,4
DA:530,4
DA:533,12
DA:534,4
DA:535,4
DA:539,12
DA:540,4
DA:541,8
DA:542,16
DA:548,4
DA:550,8
DA:553,14
DA:556,58
DA:560,0
DA:562,0
DA:564,0
DA:566,0
DA:567,0
DA:570,0
DA:576,16
DA:577,32
DA:578,50
DA:581,48
DA:582,0
DA:583,32
DA:584,32
DA:587,32
DA:590,32
DA:594,8
DA:597,24
DA:598,34
DA:599,8
DA:600,6
DA:601,12
DA:602,18
DA:603,6
DA:610,8
DA:611,4
DA:615,12
DA:619,60
DA:620,60
DA:621,60
DA:623,58
DA:625,58
DA:626,58
DA:627,224
DA:628,58
DA:630,60
DA:631,60
DA:632,180
DA:635,60
DA:636,112
DA:638,180
DA:639,60
DA:641,240
DA:642,60
DA:645,120
DA:651,60
DA:653,60
DA:654,60
DA:657,58
DA:660,58
DA:661,116
DA:662,116
DA:663,116
DA:664,174
DA:665,58
DA:666,150
DA:667,96
DA:670,96
DA:671,96
DA:673,30
DA:677,174
DA:678,230
DA:680,232
DA:688,58
DA:690,58
DA:692,58
DA:693,58
DA:699,2
DA:700,4
DA:702,2
DA:703,8
DA:705,4
DA:708,0
DA:709,0
DA:711,0
LF:269
LH:241
end_of_record
SF:lib\core\utilities\repository_util.dart
DA:5,58
DA:9,58
DA:11,116
DA:12,116
DA:14,232
DA:15,174
DA:16,58
DA:17,100
DA:18,150
DA:19,48
DA:20,48
DA:23,116
DA:27,116
DA:30,48
DA:34,18
DA:35,18
DA:36,0
DA:38,0
DA:39,0
DA:40,0
DA:41,0
DA:42,0
DA:43,0
DA:45,0
DA:49,0
DA:50,0
DA:52,18
DA:53,54
DA:54,18
DA:56,54
DA:57,36
DA:58,36
DA:59,36
DA:60,36
DA:61,18
DA:63,36
DA:68,18
LF:37
LH:27
end_of_record
SF:lib\shared\utilities\merge_mode.util.dart
DA:1,60
LF:1
LH:1
end_of_record
SF:lib\shared\utilities\query_filter.util.dart
DA:11,44
DA:19,48
DA:25,86
DA:27,190
DA:29,38
DA:30,38
DA:32,84
DA:33,196
DA:35,24
DA:36,96
DA:38,2
DA:39,0
DA:41,2
DA:42,0
DA:44,2
DA:45,8
DA:47,2
DA:48,8
DA:49,2
DA:50,8
DA:52,2
DA:53,8
DA:57,86
DA:59,134
DA:62,16
DA:68,26
DA:70,50
DA:72,10
DA:73,10
DA:75,18
DA:76,32
DA:78,4
DA:79,6
DA:81,2
DA:83,0
DA:85,0
DA:86,0
DA:87,0
DA:89,2
DA:91,6
DA:93,8
DA:94,2
DA:95,4
DA:97,0
DA:98,0
DA:100,0
DA:101,0
DA:102,0
DA:103,0
DA:105,0
DA:106,0
DA:110,26
DA:112,42
DA:115,38
DA:120,38
DA:121,38
DA:122,36
DA:127,12
DA:128,10
DA:134,36
DA:139,36
DA:140,36
DA:143,0
DA:147,0
DA:148,0
DA:149,0
DA:150,0
DA:151,0
DA:152,0
DA:154,0
DA:160,0
DA:163,0
DA:164,0
DA:165,0
DA:166,0
DA:167,0
DA:168,0
DA:170,0
LF:78
LH:48
end_of_record
SF:lib\shared\utilities\query_filter_condition.util.dart
DA:1,60
LF:1
LH:1
end_of_record
SF:lib\shared\utilities\sort_order.util.dart
DA:1,60
DA:4,48
DA:5,92
DA:9,94
DA:10,2
DA:12,2
DA:13,2
DA:14,2
DA:15,2
DA:19,48
DA:21,94
LF:11
LH:11
end_of_record
SF:lib\shared\utilities\save_option.util.dart
DA:4,2
LF:1
LH:1
end_of_record
SF:lib\modules\auth\user\user.module.dart
DA:7,56
DA:8,168
DA:9,168
DA:10,168
DA:11,168
DA:14,0
LF:6
LH:5
end_of_record
SF:lib\modules\data\aggregate\aggregate.module.dart
DA:5,56
DA:6,168
DA:7,168
DA:10,4
DA:12,16
LF:5
LH:5
end_of_record
SF:lib\modules\data\tracker\tracked_entity_instance.module.dart
DA:9,56
DA:10,168
DA:11,168
DA:12,168
DA:13,168
DA:14,168
DA:15,168
DA:18,6
DA:19,6
DA:21,2
DA:22,2
DA:24,4
DA:26,0
DA:28,4
DA:29,4
DA:31,0
LF:16
LH:14
end_of_record
SF:lib\modules\file_resource\file_resource.module.dart
DA:4,56
DA:5,168
DA:8,8
LF:3
LH:3
end_of_record
SF:lib\modules\metadata\dataset\data_set.module.dart
DA:7,56
DA:8,168
DA:9,168
DA:10,168
DA:11,168
DA:14,4
DA:16,0
DA:18,0
DA:19,0
DA:21,0
LF:10
LH:6
end_of_record
SF:lib\modules\metadata\option_set\option_set.module.dart
DA:4,56
DA:5,168
DA:8,0
LF:3
LH:2
end_of_record
SF:lib\modules\metadata\organisation_unit\organisation_unit.module.dart
DA:4,56
DA:5,168
DA:8,8
LF:3
LH:3
end_of_record
SF:lib\modules\metadata\program\program.module.dart
DA:18,56
DA:19,168
DA:20,168
DA:21,168
DA:22,168
DA:23,168
DA:24,168
DA:25,168
DA:26,168
DA:27,168
DA:28,168
DA:29,168
DA:30,168
DA:31,168
DA:32,168
DA:35,4
DA:37,4
DA:39,2
DA:40,2
DA:42,0
DA:44,0
DA:45,0
DA:47,0
DA:48,0
DA:50,0
DA:51,0
DA:53,4
DA:55,0
DA:57,2
DA:58,2
DA:60,0
DA:62,0
DA:63,0
DA:65,0
DA:66,0
LF:35
LH:22
end_of_record
SF:lib\modules\notification\notification.module.dart
DA:6,56
DA:7,168
DA:8,168
DA:11,0
DA:12,0
DA:14,0
LF:6
LH:3
end_of_record
SF:lib\shared\utilities\http_client.util.dart
DA:15,36
DA:16,36
DA:17,36
DA:22,0
DA:24,0
DA:38,8
DA:44,16
DA:49,8
DA:52,0
DA:55,0
DA:57,0
DA:62,8
DA:63,24
DA:65,2
DA:66,4
DA:67,6
DA:68,6
DA:69,2
DA:70,4
DA:71,4
DA:73,4
DA:74,8
DA:79,0
DA:85,0
DA:90,0
DA:93,0
DA:96,0
DA:98,0
DA:104,0
DA:105,0
DA:108,0
DA:109,0
DA:110,0
DA:111,0
DA:112,0
DA:113,0
DA:114,0
DA:116,0
DA:117,0
DA:122,30
DA:128,60
DA:133,30
DA:136,4
DA:139,2
DA:141,6
DA:146,120
DA:148,28
DA:149,56
DA:150,2
DA:151,2
DA:152,0
DA:153,0
DA:155,0
DA:156,0
DA:158,0
DA:162,0
DA:163,0
DA:165,2
DA:168,2
DA:169,4
DA:171,0
DA:174,2
DA:175,2
DA:192,0
DA:198,0
DA:201,0
DA:203,0
LF:67
LH:33
end_of_record
SF:lib\modules\auth\user\models\auth-token.model.dart
DA:7,2
DA:15,4
DA:16,2
DA:17,2
DA:18,2
DA:19,2
DA:20,2
LF:7
LH:7
end_of_record
SF:lib\modules\auth\user\models\login-response.model.dart
DA:1,60
LF:1
LH:1
end_of_record
SF:lib\modules\auth\user\queries\user_organisation_unit.query.dart
DA:6,112
LF:1
LH:1
end_of_record
SF:lib\modules\metadata\dashboard\dashboard.module.dart
DA:5,56
DA:6,168
DA:7,168
DA:10,4
DA:11,0
LF:5
LH:4
end_of_record
SF:lib\modules\metadata\data_element\data_element.module.dart
DA:4,56
DA:5,168
DA:8,4
LF:3
LH:3
end_of_record
SF:lib\shared\queries\base.query.dart
DA:33,58
DA:34,116
DA:35,232
DA:36,232
DA:38,232
DA:39,58
DA:40,168
DA:42,290
DA:43,348
DA:46,56
DA:47,56
DA:50,2
DA:51,2
DA:55,26
DA:56,26
DA:57,26
DA:61,18
DA:62,18
DA:63,18
DA:66,20
DA:71,0
DA:74,40
DA:75,20
DA:83,32
DA:84,96
DA:90,0
DA:91,0
DA:96,2
DA:102,6
DA:112,2
DA:113,6
DA:120,2
DA:121,6
DA:128,2
DA:129,6
DA:136,2
DA:137,6
DA:144,2
DA:145,4
DA:149,56
DA:150,56
DA:154,14
DA:155,14
DA:156,14
DA:157,0
DA:158,0
DA:159,0
DA:163,14
DA:164,14
DA:165,14
DA:166,14
DA:167,14
DA:169,14
DA:170,28
DA:173,56
DA:174,56
DA:175,2
DA:178,56
DA:179,52
DA:180,26
DA:181,26
DA:182,26
DA:183,26
DA:186,92
DA:187,46
DA:188,46
DA:189,46
DA:190,46
DA:191,46
DA:194,56
DA:195,56
DA:196,0
DA:199,112
DA:201,168
DA:204,56
DA:205,112
DA:206,80
DA:207,40
DA:208,40
DA:209,40
DA:213,112
DA:214,56
DA:215,56
DA:216,56
DA:220,8
DA:221,8
DA:223,8
DA:224,24
DA:227,0
DA:230,56
DA:231,224
DA:234,2
DA:235,6
DA:238,2
DA:239,6
DA:242,20
DA:243,40
DA:244,40
DA:245,20
DA:247,80
DA:249,40
DA:250,20
DA:251,20
DA:253,20
DA:255,40
DA:258,20
DA:261,20
DA:263,20
DA:264,20
DA:265,20
DA:267,60
DA:272,60
DA:274,20
DA:275,20
DA:276,20
DA:278,100
DA:283,20
DA:284,20
DA:285,20
DA:287,100
DA:292,40
DA:294,20
DA:295,20
DA:296,20
DA:298,100
DA:303,20
DA:306,10
DA:307,30
LF:128
LH:120
end_of_record
SF:lib\modules\auth\user\queries\user_authority.query.dart
DA:6,112
LF:1
LH:1
end_of_record
SF:lib\modules\auth\user\queries\user_role.query.dart
DA:6,112
LF:1
LH:1
end_of_record
SF:lib\modules\data\aggregate\queries\data_value.query.dart
DA:6,112
LF:1
LH:1
end_of_record
SF:lib\shared\utilities\object.util.dart
DA:2,2
DA:3,2
DA:5,6
DA:6,2
DA:9,2
LF:5
LH:5
end_of_record
SF:lib\shared\models\request_progress.model.dart
DA:8,30
LF:1
LH:1
end_of_record
SF:lib\shared\models\import_conflict.model.dart
DA:4,0
LF:1
LH:0
end_of_record
SF:lib\shared\models\import_status.model.dart
DA:1,60
DA:4,0
DA:6,0
DA:9,0
DA:12,0
LF:5
LH:1
end_of_record
SF:lib\shared\models\import_action.model.dart
DA:1,60
DA:4,0
DA:5,0
DA:9,0
DA:13,0
DA:17,0
LF:6
LH:1
end_of_record
SF:lib\shared\models\import_summary.model.dart
DA:11,0
LF:1
LH:0
end_of_record
SF:lib\modules\data\tracker\queries\attribute_reserved_value.query.dart
DA:12,112
DA:14,0
DA:16,0
DA:21,2
DA:24,2
DA:25,2
DA:26,2
DA:32,4
DA:33,2
DA:34,2
DA:36,2
DA:37,2
DA:38,2
DA:40,4
DA:45,2
DA:46,2
DA:47,2
DA:49,4
DA:54,2
DA:57,4
DA:58,2
DA:59,6
DA:63,2
DA:64,0
DA:66,4
DA:69,2
DA:70,2
DA:71,2
DA:76,6
DA:79,2
DA:82,4
DA:83,4
DA:84,2
DA:86,2
DA:88,2
DA:92,4
DA:93,4
DA:94,2
DA:97,2
DA:99,6
DA:100,2
DA:101,8
DA:104,6
LF:43
LH:40
end_of_record
SF:lib\modules\metadata\program\queries\program_tracked_entity_attribute.query.dart
DA:11,56
DA:12,56
DA:14,2
DA:15,2
DA:17,4
DA:18,2
DA:19,10
DA:22,2
DA:23,4
DA:25,4
DA:27,2
DA:28,2
DA:30,2
DA:31,2
DA:34,4
LF:15
LH:15
end_of_record
SF:lib\modules\data\tracker\queries\enrollment.query.dart
DA:14,112
DA:16,0
DA:18,0
DA:19,0
DA:20,0
DA:21,0
DA:24,0
DA:25,0
DA:27,0
DA:28,0
DA:30,0
DA:31,0
DA:32,0
DA:34,0
DA:35,0
DA:36,0
DA:39,0
DA:41,0
DA:44,0
DA:45,0
DA:46,0
DA:47,0
DA:50,0
DA:51,0
DA:52,0
DA:53,0
DA:54,0
DA:55,0
DA:56,0
DA:57,0
DA:58,0
DA:59,0
DA:63,0
DA:64,0
DA:66,0
DA:69,0
LF:36
LH:1
end_of_record
SF:lib\modules\data\tracker\queries\event.query.dart
DA:25,112
DA:27,2
DA:28,2
DA:30,6
DA:31,10
DA:35,2
DA:36,4
DA:38,4
DA:40,2
DA:41,2
DA:42,2
DA:43,2
DA:46,4
DA:52,0
DA:53,0
DA:54,0
DA:57,0
DA:58,0
DA:59,0
DA:62,4
DA:63,4
DA:64,4
DA:67,2
DA:68,2
DA:72,4
DA:73,4
DA:74,4
DA:77,2
DA:78,2
DA:79,2
DA:82,2
DA:86,2
DA:87,12
DA:91,2
DA:92,2
DA:93,2
DA:94,2
DA:95,2
DA:97,2
DA:100,2
DA:101,8
DA:103,2
DA:105,4
DA:110,2
DA:112,2
DA:113,2
DA:114,2
DA:116,6
DA:120,2
DA:121,2
DA:122,2
DA:123,2
DA:125,2
DA:126,2
DA:127,2
DA:129,8
DA:134,2
DA:135,2
DA:136,2
DA:138,8
DA:143,2
DA:144,2
DA:145,4
DA:146,4
DA:148,8
DA:149,4
DA:152,4
DA:153,2
DA:154,2
DA:157,8
DA:159,4
DA:160,2
DA:161,10
DA:162,2
DA:163,2
DA:164,10
DA:165,2
DA:166,2
DA:167,2
DA:169,4
DA:170,4
DA:171,2
DA:173,2
DA:174,2
DA:175,2
DA:177,8
DA:182,2
DA:183,2
DA:184,2
DA:191,4
DA:193,0
DA:196,0
DA:197,0
DA:198,0
DA:201,0
DA:202,0
DA:203,0
DA:204,0
DA:205,0
DA:206,0
DA:207,0
DA:208,0
DA:230,0
DA:231,0
DA:233,0
DA:236,0
DA:237,0
DA:238,0
DA:251,0
DA:252,0
DA:253,0
LF:111
LH:84
end_of_record
SF:lib\modules\data\tracker\queries\event_data_value.query.dart
DA:6,112
LF:1
LH:1
end_of_record
SF:lib\modules\metadata\program\queries\program_stage.query.dart
DA:12,112
DA:14,2
DA:15,2
DA:16,8
DA:17,8
DA:18,4
DA:20,6
DA:24,2
DA:25,2
DA:26,6
DA:27,10
DA:30,2
DA:31,4
DA:33,4
DA:35,2
DA:36,2
DA:38,2
DA:39,2
DA:42,4
DA:48,0
DA:49,0
DA:50,0
DA:51,0
DA:54,0
DA:55,0
DA:57,0
DA:59,0
DA:60,0
DA:62,0
DA:63,0
DA:66,0
LF:31
LH:19
end_of_record
SF:lib\modules\data\tracker\queries\tracked_entity_attribute_value.query.dart
DA:7,56
DA:8,56
LF:2
LH:2
end_of_record
SF:lib\modules\data\tracker\queries\tracked_entity_instance.query.dart
DA:38,112
DA:41,6
DA:42,6
DA:44,18
DA:45,30
DA:49,6
DA:50,12
DA:52,12
DA:54,6
DA:55,6
DA:57,6
DA:58,6
DA:62,12
DA:68,6
DA:69,6
DA:70,18
DA:71,30
DA:74,6
DA:75,12
DA:77,12
DA:79,6
DA:80,6
DA:81,6
DA:82,6
DA:85,12
DA:91,10
DA:92,10
DA:93,10
DA:96,0
DA:99,0
DA:100,0
DA:101,0
DA:102,0
DA:103,0
DA:108,0
DA:112,0
DA:115,0
DA:116,0
DA:117,0
DA:123,10
DA:124,10
DA:128,2
DA:129,2
DA:133,2
DA:134,2
DA:139,10
DA:140,10
DA:141,2
DA:143,4
DA:145,2
DA:146,4
DA:149,4
DA:151,2
DA:152,0
DA:155,2
DA:157,4
DA:161,2
DA:162,6
DA:167,4
DA:171,2
DA:173,4
DA:174,2
DA:175,2
DA:176,2
DA:177,2
DA:178,2
DA:181,10
DA:182,12
DA:183,6
DA:184,6
DA:185,6
DA:186,6
DA:189,8
DA:190,4
DA:191,4
DA:192,4
DA:193,4
DA:194,4
DA:198,6
DA:199,12
DA:200,12
DA:201,6
DA:202,6
DA:204,6
DA:205,6
DA:207,6
DA:210,6
DA:211,6
DA:212,6
DA:213,6
DA:214,6
DA:218,12
DA:221,6
DA:222,24
DA:223,6
DA:225,6
DA:227,24
DA:229,12
DA:230,12
DA:231,6
DA:235,18
DA:236,12
DA:240,6
DA:241,6
DA:242,6
DA:244,12
DA:245,12
DA:246,6
DA:252,6
DA:254,6
DA:256,12
DA:261,4
DA:262,8
DA:263,6
DA:265,2
DA:266,8
DA:271,4
DA:272,4
DA:273,2
DA:275,4
DA:276,0
DA:278,4
DA:279,0
DA:281,4
DA:282,0
DA:285,4
DA:290,20
DA:291,0
DA:292,0
DA:293,0
DA:295,0
DA:296,0
DA:297,4
DA:299,4
DA:302,2
DA:305,2
DA:306,2
DA:307,2
DA:309,6
DA:313,2
DA:314,2
DA:315,2
DA:316,2
DA:317,2
DA:318,2
DA:320,2
DA:321,2
DA:322,2
DA:324,8
DA:329,2
DA:330,2
DA:331,2
DA:333,8
DA:338,2
DA:341,4
DA:342,6
DA:343,2
DA:344,4
DA:348,2
DA:349,2
DA:351,4
DA:352,2
DA:353,2
DA:354,2
DA:356,2
DA:357,2
DA:358,4
DA:359,4
DA:361,8
DA:362,4
DA:366,8
DA:368,4
DA:369,4
DA:370,0
DA:371,0
DA:372,0
DA:375,2
DA:378,4
DA:379,2
DA:381,2
DA:383,6
DA:384,2
DA:385,2
DA:388,8
DA:389,2
DA:390,0
DA:392,0
DA:394,2
DA:396,4
DA:398,2
DA:399,2
DA:400,2
DA:402,8
DA:407,2
DA:408,2
DA:409,2
DA:416,4
DA:418,0
DA:421,0
DA:422,0
DA:423,0
DA:424,0
DA:427,0
DA:428,0
DA:429,0
DA:430,0
DA:431,0
DA:432,0
DA:433,0
DA:435,0
DA:436,0
DA:437,0
DA:438,0
DA:442,0
DA:443,0
DA:445,0
DA:448,0
DA:449,0
DA:450,0
DA:456,0
DA:457,0
DA:458,0
DA:461,0
DA:462,0
DA:463,0
LF:225
LH:172
end_of_record
SF:lib\modules\metadata\program\queries\program.query.dart
DA:14,112
DA:16,0
DA:17,0
DA:18,0
DA:19,0
DA:22,0
DA:23,0
DA:25,0
DA:27,0
DA:28,0
DA:29,0
DA:30,0
DA:32,0
DA:38,6
DA:39,6
DA:40,12
DA:41,6
DA:42,30
DA:45,6
DA:46,12
DA:48,12
DA:50,6
DA:51,6
DA:53,6
DA:54,6
DA:57,12
DA:63,0
DA:64,0
DA:65,0
DA:66,0
DA:67,0
DA:70,0
DA:71,0
DA:73,0
DA:75,0
DA:76,0
DA:78,0
DA:79,0
DA:82,0
DA:88,0
DA:89,0
DA:90,0
DA:91,0
DA:94,0
DA:95,0
DA:97,0
DA:99,0
DA:100,0
DA:101,0
DA:102,0
DA:104,0
DA:110,2
DA:113,8
DA:114,2
DA:115,4
LF:55
LH:18
end_of_record
SF:lib\shared\utilities\orgunit_mode.util.dart
DA:1,60
LF:1
LH:1
end_of_record
SF:lib\modules\file_resource\queries\file_resource.query.dart
DA:16,112
DA:18,2
DA:20,2
DA:21,2
DA:22,2
DA:24,6
DA:29,6
DA:31,2
DA:32,2
DA:33,2
DA:35,8
DA:40,2
DA:41,2
DA:42,2
DA:44,8
DA:49,2
DA:51,2
DA:53,4
DA:55,6
DA:56,2
DA:57,4
DA:58,6
DA:59,6
DA:61,4
DA:62,4
DA:63,2
DA:64,2
DA:65,4
DA:66,2
DA:67,2
DA:73,2
DA:74,0
DA:76,4
DA:79,2
DA:80,2
DA:81,2
DA:83,8
DA:88,2
DA:89,2
DA:90,2
DA:96,2
DA:97,2
DA:101,4
DA:102,2
DA:103,8
DA:104,0
DA:107,2
DA:108,2
DA:109,6
DA:111,4
DA:112,2
DA:113,2
DA:114,2
DA:115,2
DA:116,2
DA:117,6
DA:118,2
DA:119,8
DA:120,4
DA:121,10
DA:124,2
DA:125,2
DA:126,2
DA:127,4
DA:128,2
DA:129,2
DA:130,2
DA:133,0
DA:134,0
DA:135,0
DA:136,0
DA:137,0
DA:147,2
DA:148,0
DA:150,4
DA:153,2
DA:154,2
DA:155,2
DA:161,2
DA:162,0
DA:164,4
DA:167,4
DA:168,2
DA:169,6
DA:170,2
DA:171,2
DA:174,2
DA:179,4
DA:180,2
DA:181,2
DA:184,2
DA:187,0
DA:193,0
DA:194,0
DA:195,0
DA:198,2
DA:199,4
DA:200,2
DA:201,2
DA:204,0
DA:208,0
DA:209,0
DA:210,0
DA:211,0
DA:214,0
DA:220,0
DA:223,0
DA:224,0
LF:108
LH:86
end_of_record
SF:lib\modules\metadata\dashboard\queries\dashboard.query.dart
DA:6,112
LF:1
LH:1
end_of_record
SF:lib\modules\metadata\dashboard\queries\dashboard_item.query.dart
DA:6,112
LF:1
LH:1
end_of_record
SF:lib\modules\metadata\data_element\queries\data_element.query.dart
DA:6,112
LF:1
LH:1
end_of_record
SF:lib\modules\metadata\dataset\queries\data_set.query.dart
DA:7,112
DA:9,4
DA:12,20
DA:13,4
DA:14,6
LF:5
LH:5
end_of_record
SF:lib\modules\metadata\dataset\queries\data_set_element.query.dart
DA:10,112
DA:12,0
DA:13,0
DA:15,0
DA:16,0
DA:17,0
DA:20,0
DA:21,0
DA:23,0
DA:25,0
DA:26,0
DA:28,0
DA:29,0
DA:33,0
LF:14
LH:1
end_of_record
SF:lib\modules\metadata\dataset\queries\data_set_element_option.query.dart
DA:7,112
LF:1
LH:1
end_of_record
SF:lib\modules\metadata\dataset\queries\validation_rule.query.dart
DA:12,112
DA:15,2
DA:18,6
DA:20,2
DA:23,4
DA:24,2
DA:25,4
DA:26,4
DA:27,2
DA:31,2
DA:32,0
DA:34,4
DA:37,2
DA:40,2
DA:43,2
DA:44,2
DA:45,2
DA:47,8
DA:52,4
DA:53,4
DA:54,2
DA:57,2
DA:58,2
DA:59,2
DA:61,8
DA:66,2
DA:67,2
DA:68,2
DA:70,8
DA:75,8
DA:77,6
DA:78,2
DA:79,4
DA:80,2
DA:81,2
DA:82,4
DA:84,2
DA:85,2
DA:86,2
DA:88,8
DA:93,2
LF:41
LH:40
end_of_record
SF:lib\modules\metadata\option_set\queries\option_set.query.dart
DA:6,112
LF:1
LH:1
end_of_record
SF:lib\modules\metadata\organisation_unit\queries\organisation_unit.query.dart
DA:11,116
DA:13,2
DA:15,6
DA:18,8
DA:20,4
DA:24,2
DA:27,2
DA:28,2
DA:29,2
DA:36,6
DA:38,2
DA:39,2
DA:40,2
DA:42,4
DA:47,2
DA:49,8
DA:50,2
DA:51,2
DA:52,2
DA:54,6
DA:59,4
DA:61,4
DA:62,2
DA:64,8
DA:66,2
DA:67,2
DA:68,2
DA:70,8
DA:75,6
DA:76,2
DA:77,2
DA:78,2
DA:80,2
DA:81,2
DA:82,2
DA:84,8
DA:89,4
DA:91,2
DA:92,2
DA:93,2
DA:95,8
DA:100,2
LF:42
LH:42
end_of_record
SF:lib\modules\metadata\program\queries\attribute_option.query.dart
DA:6,112
LF:1
LH:1
end_of_record
SF:lib\modules\metadata\program\queries\program_rule.query.dart
DA:10,112
DA:12,4
DA:13,4
DA:14,8
DA:15,4
DA:16,20
DA:19,4
DA:20,8
DA:22,8
DA:24,4
DA:25,4
DA:27,4
DA:28,4
DA:31,8
LF:14
LH:14
end_of_record
SF:lib\modules\metadata\program\queries\program_rule_action.query.dart
DA:6,112
LF:1
LH:1
end_of_record
SF:lib\modules\metadata\program\queries\program_rule_variable.query.dart
DA:6,112
LF:1
LH:1
end_of_record
SF:lib\modules\metadata\program\queries\program_section.query.dart
DA:10,112
DA:12,2
DA:13,2
DA:14,4
DA:15,2
DA:16,10
DA:19,2
DA:20,4
DA:22,4
DA:24,2
DA:25,2
DA:27,2
DA:28,2
DA:32,4
LF:14
LH:14
end_of_record
SF:lib\modules\metadata\program\queries\program_section_attribute.query.dart
DA:6,56
DA:7,56
LF:2
LH:2
end_of_record
SF:lib\modules\metadata\program\queries\program_stage_data_element.query.dart
DA:10,56
DA:11,56
DA:13,0
DA:14,0
DA:16,0
DA:17,0
DA:18,0
DA:21,0
DA:22,0
DA:24,0
DA:26,0
DA:27,0
DA:29,0
DA:30,0
DA:34,0
LF:15
LH:2
end_of_record
SF:lib\modules\metadata\program\queries\program_stage_section.query.dart
DA:10,112
DA:12,2
DA:14,2
DA:15,2
DA:16,4
DA:17,10
DA:20,2
DA:21,4
DA:23,4
DA:25,2
DA:26,2
DA:28,2
DA:29,2
DA:33,4
LF:14
LH:14
end_of_record
SF:lib\modules\metadata\program\queries\program_stage_section_data_element.query.dart
DA:7,56
DA:8,56
LF:2
LH:2
end_of_record
SF:lib\modules\metadata\program\queries\tracked_entity_attribute.query.dart
DA:6,112
LF:1
LH:1
end_of_record
SF:lib\modules\metadata\program\queries\program_stage_data_element_option.query.dart
DA:7,56
DA:8,56
LF:2
LH:2
end_of_record
SF:lib\modules\notification\queries\message_conversation.query.dart
DA:10,112
DA:12,0
DA:13,0
DA:14,0
DA:15,0
DA:18,0
DA:19,0
DA:21,0
DA:23,0
DA:24,0
DA:25,0
DA:26,0
DA:28,0
LF:13
LH:1
end_of_record
SF:lib\modules\notification\queries\message.query.dart
DA:6,112
LF:1
LH:1
end_of_record
SF:lib\shared\utilities\dhis_uid_generator.util.dart
DA:4,12
DA:5,12
DA:11,60
DA:12,24
DA:13,24
DA:14,48
DA:15,36
LF:7
LH:7
end_of_record
SF:lib\shared\utilities\dhis-url-generator.util.dart
DA:6,10
DA:11,10
DA:12,30
DA:15,20
DA:17,36
DA:20,10
DA:21,20
DA:22,26
DA:23,6
DA:24,12
DA:26,18
DA:29,10
DA:30,10
DA:33,0
DA:34,0
DA:42,0
DA:43,0
DA:48,0
DA:51,0
DA:55,0
LF:20
LH:13
end_of_record
SF:lib\shared\utilities\query_model.util.dart
DA:14,14
LF:1
LH:1
end_of_record
SF:lib\shared\utilities\http-details.util.dart
DA:15,36
DA:24,36
DA:25,36
DA:26,2
DA:27,2
DA:31,136
DA:32,68
DA:33,68
DA:34,68
DA:35,68
DA:36,68
DA:38,34
DA:41,2
DA:42,2
DA:43,0
DA:45,10
DA:48,2
DA:49,2
DA:50,2
LF:19
LH:18
end_of_record
SF:lib\modules\engine\program_rule\models\tracker_rule_result.model.dart
DA:7,2
LF:1
LH:1
end_of_record
SF:lib\modules\engine\program_rule\tracker_rule_engine.dart
DA:16,2
DA:20,4
DA:21,2
DA:22,2
DA:23,2
DA:26,4
DA:27,2
DA:28,2
DA:31,4
DA:32,2
DA:34,2
DA:35,2
DA:37,2
DA:39,2
DA:44,2
DA:47,4
DA:48,4
DA:49,2
DA:50,6
DA:51,4
DA:53,2
DA:55,2
DA:56,2
DA:57,2
DA:61,2
DA:62,0
DA:64,4
DA:68,4
DA:69,2
DA:70,2
DA:71,4
DA:72,2
DA:74,2
DA:79,0
DA:81,0
LF:35
LH:32
end_of_record
SF:lib\modules\engine\shared\utilities\data_value_entities.util.dart
DA:8,4
DA:12,2
DA:14,2
DA:16,4
DA:17,6
DA:18,4
DA:24,0
DA:25,0
DA:27,0
DA:28,0
DA:29,0
DA:34,2
DA:35,2
DA:37,4
DA:39,6
DA:40,6
LF:16
LH:11
end_of_record
SF:lib\modules\engine\program_rule\utilities\program_rule_engine.util.dart
DA:8,2
DA:11,2
DA:13,4
DA:14,2
DA:15,2
DA:16,2
DA:17,2
DA:19,2
DA:20,2
DA:21,4
DA:28,2
DA:36,2
DA:46,2
DA:54,2
DA:57,2
DA:61,2
DA:64,2
DA:68,4
DA:69,2
DA:74,6
DA:75,2
DA:76,2
DA:77,6
DA:79,2
DA:80,6
DA:84,2
DA:87,2
DA:90,6
DA:91,4
DA:92,2
DA:93,2
DA:94,4
DA:96,2
DA:98,4
DA:100,2
DA:104,6
DA:105,2
DA:106,6
DA:107,2
DA:109,4
DA:111,2
LF:41
LH:41
end_of_record
SF:lib\modules\engine\validation_rule\models\validation_rule_result.model.dart
DA:8,2
LF:1
LH:1
end_of_record
SF:lib\modules\engine\validation_rule\validation_rule_engine.dart
DA:14,2
DA:18,2
DA:20,4
DA:21,2
DA:22,2
DA:24,4
DA:25,4
DA:26,2
DA:29,2
DA:32,2
DA:34,2
DA:38,4
DA:39,6
DA:41,2
DA:42,2
DA:43,2
DA:44,2
DA:46,2
DA:47,2
DA:48,2
DA:49,2
DA:50,8
DA:51,2
DA:53,6
DA:54,2
DA:55,2
DA:56,2
DA:57,2
DA:59,2
DA:60,2
DA:61,2
DA:62,2
DA:63,8
DA:64,2
DA:66,6
DA:67,2
DA:70,2
DA:72,2
DA:75,6
DA:76,2
DA:79,2
DA:81,2
DA:87,2
DA:89,2
DA:92,4
DA:98,2
DA:100,2
DA:103,4
DA:108,6
DA:111,2
DA:115,2
DA:117,2
DA:118,4
DA:119,2
DA:120,0
DA:121,0
DA:122,4
DA:129,2
DA:134,2
DA:136,2
DA:138,6
DA:140,10
DA:142,4
DA:143,4
DA:150,2
DA:152,2
DA:154,0
DA:156,0
DA:158,0
DA:160,0
DA:162,0
LF:71
LH:64
end_of_record
SF:lib\modules\engine\validation_rule\models\validation_rule_action.model.dart
DA:5,2
LF:1
LH:1
end_of_record
